# JRE version: Java(TM) SE Runtime Environment (8.0_121-b13) (build 1.8.0_121-b13)
# Java VM: Java HotSpot(TM) 64-Bit Server VM (25.121-b13 mixed mode linux-amd64 compressed oops)
Heap:
 PSYoungGen      total 308736K, used 166613K [0x0000000781e00000, 0x000000079b500000, 0x00000007c0000000)
  eden space 294912K, 51% used [0x0000000781e00000,0x000000078b3acc70,0x0000000793e00000)
  from space 13824K, 96% used [0x000000079a780000,0x000000079b488810,0x000000079b500000)
  to   space 15872K, 72% used [0x0000000799600000,0x000000079a134208,0x000000079a580000)
 ParOldGen       total 86528K, used 11239K [0x0000000705a00000, 0x000000070ae80000, 0x0000000781e00000)
  object space 86528K, 12% used [0x0000000705a00000,0x00000007064f9c18,0x000000070ae80000)
 Metaspace       used 34890K, capacity 35298K, committed 35416K, reserved 1079296K
  class space    used 4565K, capacity 4698K, committed 4736K, reserved 1048576K
GC Heap History (10 events):
Event: 1,553 GC heap after
Heap after GC invocations=3 (full 0):
 PSYoungGen      total 104960K, used 7671K [0x0000000781e00000, 0x000000078eb00000, 0x00000007c0000000)
  eden space 97280K, 0% used [0x0000000781e00000,0x0000000781e00000,0x0000000787d00000)
  from space 7680K, 99% used [0x0000000787d00000,0x000000078847dcc0,0x0000000788480000)
  to   space 7680K, 0% used [0x000000078e380000,0x000000078e380000,0x000000078eb00000)
 ParOldGen       total 128512K, used 2971K [0x0000000705a00000, 0x000000070d780000, 0x0000000781e00000)
  object space 128512K, 2% used [0x0000000705a00000,0x0000000705ce6c18,0x000000070d780000)
 Metaspace       used 18494K, capacity 18850K, committed 19072K, reserved 1067008K
  class space    used 2268K, capacity 2362K, committed 2432K, reserved 1048576K
}
Event: 1,838 GC heap before
{Heap before GC invocations=4 (full 0):
 PSYoungGen      total 104960K, used 104951K [0x0000000781e00000, 0x000000078eb00000, 0x00000007c0000000)
  eden space 97280K, 100% used [0x0000000781e00000,0x0000000787d00000,0x0000000787d00000)
  from space 7680K, 99% used [0x0000000787d00000,0x000000078847dcc0,0x0000000788480000)
  to   space 7680K, 0% used [0x000000078e380000,0x000000078e380000,0x000000078eb00000)
 ParOldGen       total 128512K, used 2971K [0x0000000705a00000, 0x000000070d780000, 0x0000000781e00000)
  object space 128512K, 2% used [0x0000000705a00000,0x0000000705ce6c18,0x000000070d780000)
 Metaspace       used 18997K, capacity 19340K, committed 19712K, reserved 1067008K
  class space    used 2349K, capacity 2433K, committed 2560K, reserved 1048576K
Event: 1,847 GC heap after
Heap after GC invocations=4 (full 0):
 PSYoungGen      total 202240K, used 7667K [0x0000000781e00000, 0x000000078eb00000, 0x00000007c0000000)
  eden space 194560K, 0% used [0x0000000781e00000,0x0000000781e00000,0x000000078dc00000)
  from space 7680K, 99% used [0x000000078e380000,0x000000078eafcfd8,0x000000078eb00000)
  to   space 7680K, 0% used [0x000000078dc00000,0x000000078dc00000,0x000000078e380000)
 ParOldGen       total 128512K, used 4331K [0x0000000705a00000, 0x000000070d780000, 0x0000000781e00000)
  object space 128512K, 3% used [0x0000000705a00000,0x0000000705e3ac20,0x000000070d780000)
 Metaspace       used 18997K, capacity 19340K, committed 19712K, reserved 1067008K
  class space    used 2349K, capacity 2433K, committed 2560K, reserved 1048576K
}
Event: 2,096 GC heap before
{Heap before GC invocations=5 (full 0):
 PSYoungGen      total 202240K, used 84187K [0x0000000781e00000, 0x000000078eb00000, 0x00000007c0000000)
  eden space 194560K, 39% used [0x0000000781e00000,0x00000007868b9e80,0x000000078dc00000)
  from space 7680K, 99% used [0x000000078e380000,0x000000078eafcfd8,0x000000078eb00000)
  to   space 7680K, 0% used [0x000000078dc00000,0x000000078dc00000,0x000000078e380000)
 ParOldGen       total 128512K, used 4331K [0x0000000705a00000, 0x000000070d780000, 0x0000000781e00000)
  object space 128512K, 3% used [0x0000000705a00000,0x0000000705e3ac20,0x000000070d780000)
 Metaspace       used 20770K, capacity 21148K, committed 21248K, reserved 1067008K
  class space    used 2642K, capacity 2729K, committed 2816K, reserved 1048576K
Event: 2,106 GC heap after
Heap after GC invocations=5 (full 0):
 PSYoungGen      total 202240K, used 7651K [0x0000000781e00000, 0x000000079b500000, 0x00000007c0000000)
  eden space 194560K, 0% used [0x0000000781e00000,0x0000000781e00000,0x000000078dc00000)
  from space 7680K, 99% used [0x000000078dc00000,0x000000078e378c78,0x000000078e380000)
  to   space 13824K, 0% used [0x000000079a780000,0x000000079a780000,0x000000079b500000)
 ParOldGen       total 128512K, used 7903K [0x0000000705a00000, 0x000000070d780000, 0x0000000781e00000)
  object space 128512K, 6% used [0x0000000705a00000,0x00000007061b7c88,0x000000070d780000)
 Metaspace       used 20770K, capacity 21148K, committed 21248K, reserved 1067008K
  class space    used 2642K, capacity 2729K, committed 2816K, reserved 1048576K
}
Event: 2,106 GC heap before
{Heap before GC invocations=6 (full 1):
 PSYoungGen      total 202240K, used 7651K [0x0000000781e00000, 0x000000079b500000, 0x00000007c0000000)
  eden space 194560K, 0% used [0x0000000781e00000,0x0000000781e00000,0x000000078dc00000)
  from space 7680K, 99% used [0x000000078dc00000,0x000000078e378c78,0x000000078e380000)
  to   space 13824K, 0% used [0x000000079a780000,0x000000079a780000,0x000000079b500000)
 ParOldGen       total 128512K, used 7903K [0x0000000705a00000, 0x000000070d780000, 0x0000000781e00000)
  object space 128512K, 6% used [0x0000000705a00000,0x00000007061b7c88,0x000000070d780000)
 Metaspace       used 20770K, capacity 21148K, committed 21248K, reserved 1067008K
  class space    used 2642K, capacity 2729K, committed 2816K, reserved 1048576K
Event: 2,151 GC heap after
Heap after GC invocations=6 (full 1):
 PSYoungGen      total 202240K, used 0K [0x0000000781e00000, 0x000000079b500000, 0x00000007c0000000)
  eden space 194560K, 0% used [0x0000000781e00000,0x0000000781e00000,0x000000078dc00000)
  from space 7680K, 0% used [0x000000078dc00000,0x000000078dc00000,0x000000078e380000)
  to   space 13824K, 0% used [0x000000079a780000,0x000000079a780000,0x000000079b500000)
 ParOldGen       total 86528K, used 11223K [0x0000000705a00000, 0x000000070ae80000, 0x0000000781e00000)
  object space 86528K, 12% used [0x0000000705a00000,0x00000007064f5c18,0x000000070ae80000)
 Metaspace       used 20770K, capacity 21148K, committed 21248K, reserved 1067008K
  class space    used 2642K, capacity 2729K, committed 2816K, reserved 1048576K
}
Event: 2,866 GC heap before
{Heap before GC invocations=7 (full 1):
 PSYoungGen      total 202240K, used 194560K [0x0000000781e00000, 0x000000079b500000, 0x00000007c0000000)
  eden space 194560K, 100% used [0x0000000781e00000,0x000000078dc00000,0x000000078dc00000)
  from space 7680K, 0% used [0x000000078dc00000,0x000000078dc00000,0x000000078e380000)
  to   space 13824K, 0% used [0x000000079a780000,0x000000079a780000,0x000000079b500000)
 ParOldGen       total 86528K, used 11223K [0x0000000705a00000, 0x000000070ae80000, 0x0000000781e00000)
  object space 86528K, 12% used [0x0000000705a00000,0x00000007064f5c18,0x000000070ae80000)
 Metaspace       used 27678K, capacity 28118K, committed 28288K, reserved 1073152K
  class space    used 3533K, capacity 3672K, committed 3712K, reserved 1048576K
Event: 2,877 GC heap after
Heap after GC invocations=7 (full 1):
 PSYoungGen      total 308736K, used 13346K [0x0000000781e00000, 0x000000079b500000, 0x00000007c0000000)
  eden space 294912K, 0% used [0x0000000781e00000,0x0000000781e00000,0x0000000793e00000)
  from space 13824K, 96% used [0x000000079a780000,0x000000079b488810,0x000000079b500000)
  to   space 15872K, 0% used [0x0000000799600000,0x0000000799600000,0x000000079a580000)
 ParOldGen       total 86528K, used 11231K [0x0000000705a00000, 0x000000070ae80000, 0x0000000781e00000)
  object space 86528K, 12% used [0x0000000705a00000,0x00000007064f7c18,0x000000070ae80000)
 Metaspace       used 27678K, capacity 28118K, committed 28288K, reserved 1073152K
  class space    used 3533K, capacity 3672K, committed 3712K, reserved 1048576K
}
Event: 3,602 GC heap before
{Heap before GC invocations=8 (full 1):
 PSYoungGen      total 308736K, used 166613K [0x0000000781e00000, 0x000000079b500000, 0x00000007c0000000)
  eden space 294912K, 51% used [0x0000000781e00000,0x000000078b3acc70,0x0000000793e00000)
  from space 13824K, 96% used [0x000000079a780000,0x000000079b488810,0x000000079b500000)
  to   space 15872K, 0% used [0x0000000799600000,0x0000000799600000,0x000000079a580000)
 ParOldGen       total 86528K, used 11231K [0x0000000705a00000, 0x000000070ae80000, 0x0000000781e00000)
  object space 86528K, 12% used [0x0000000705a00000,0x00000007064f7c18,0x000000070ae80000)
 Metaspace       used 34890K, capacity 35298K, committed 35416K, reserved 1079296K
  class space    used 4565K, capacity 4698K, committed 4736K, reserved 1048576K

