# JRE version: Java(TM) SE Runtime Environment (8.0_121-b13) (build 1.8.0_121-b13)
# Java VM: Java HotSpot(TM) 64-Bit Server VM (25.121-b13 mixed mode linux-amd64 compressed oops)
Heap:
 PSYoungGen      total 205312K, used 153436K [0x0000000781e00000, 0x0000000795a80000, 0x00000007c0000000)
  eden space 192512K, 73% used [0x0000000781e00000,0x000000078a758f60,0x000000078da00000)
  from space 12800K, 99% used [0x000000078da00000,0x000000078e67e2c0,0x000000078e680000)
  to   space 14848K, 88% used [0x0000000794c00000,0x00000007958ddaf8,0x0000000795a80000)
 ParOldGen       total 82432K, used 11971K [0x0000000705a00000, 0x000000070aa80000, 0x0000000781e00000)
  object space 82432K, 14% used [0x0000000705a00000,0x00000007065b0d50,0x000000070aa80000)
 Metaspace       used 34881K, capacity 35262K, committed 35416K, reserved 1079296K
  class space    used 4506K, capacity 4642K, committed 4696K, reserved 1048576K
GC Heap History (10 events):
Event: 2,371 GC heap after
Heap after GC invocations=4 (full 0):
 PSYoungGen      total 104960K, used 7662K [0x0000000781e00000, 0x0000000788c00000, 0x00000007c0000000)
  eden space 97280K, 0% used [0x0000000781e00000,0x0000000781e00000,0x0000000787d00000)
  from space 7680K, 99% used [0x0000000788480000,0x0000000788bfbad8,0x0000000788c00000)
  to   space 7680K, 0% used [0x0000000787d00000,0x0000000787d00000,0x0000000788480000)
 ParOldGen       total 128512K, used 717K [0x0000000705a00000, 0x000000070d780000, 0x0000000781e00000)
  object space 128512K, 0% used [0x0000000705a00000,0x0000000705ab3520,0x000000070d780000)
 Metaspace       used 18481K, capacity 18846K, committed 19072K, reserved 1067008K
  class space    used 2246K, capacity 2362K, committed 2432K, reserved 1048576K
}
Event: 2,673 GC heap before
{Heap before GC invocations=5 (full 0):
 PSYoungGen      total 104960K, used 104942K [0x0000000781e00000, 0x0000000788c00000, 0x00000007c0000000)
  eden space 97280K, 100% used [0x0000000781e00000,0x0000000787d00000,0x0000000787d00000)
  from space 7680K, 99% used [0x0000000788480000,0x0000000788bfbad8,0x0000000788c00000)
  to   space 7680K, 0% used [0x0000000787d00000,0x0000000787d00000,0x0000000788480000)
 ParOldGen       total 128512K, used 717K [0x0000000705a00000, 0x000000070d780000, 0x0000000781e00000)
  object space 128512K, 0% used [0x0000000705a00000,0x0000000705ab3520,0x000000070d780000)
 Metaspace       used 18981K, capacity 19432K, committed 19712K, reserved 1067008K
  class space    used 2325K, capacity 2465K, committed 2560K, reserved 1048576K
Event: 2,684 GC heap after
Heap after GC invocations=5 (full 0):
 PSYoungGen      total 104960K, used 7651K [0x0000000781e00000, 0x000000078f100000, 0x00000007c0000000)
  eden space 97280K, 0% used [0x0000000781e00000,0x0000000781e00000,0x0000000787d00000)
  from space 7680K, 99% used [0x0000000787d00000,0x0000000788478c78,0x0000000788480000)
  to   space 10752K, 0% used [0x000000078e680000,0x000000078e680000,0x000000078f100000)
 ParOldGen       total 128512K, used 2072K [0x0000000705a00000, 0x000000070d780000, 0x0000000781e00000)
  object space 128512K, 1% used [0x0000000705a00000,0x0000000705c06040,0x000000070d780000)
 Metaspace       used 18981K, capacity 19432K, committed 19712K, reserved 1067008K
  class space    used 2325K, capacity 2465K, committed 2560K, reserved 1048576K
}
Event: 3,014 GC heap before
{Heap before GC invocations=6 (full 0):
 PSYoungGen      total 104960K, used 83205K [0x0000000781e00000, 0x000000078f100000, 0x00000007c0000000)
  eden space 97280K, 77% used [0x0000000781e00000,0x00000007867c8ab8,0x0000000787d00000)
  from space 7680K, 99% used [0x0000000787d00000,0x0000000788478c78,0x0000000788480000)
  to   space 10752K, 0% used [0x000000078e680000,0x000000078e680000,0x000000078f100000)
 ParOldGen       total 128512K, used 2072K [0x0000000705a00000, 0x000000070d780000, 0x0000000781e00000)
  object space 128512K, 1% used [0x0000000705a00000,0x0000000705c06040,0x000000070d780000)
 Metaspace       used 20766K, capacity 21176K, committed 21248K, reserved 1067008K
  class space    used 2622K, capacity 2761K, committed 2816K, reserved 1048576K
Event: 3,025 GC heap after
Heap after GC invocations=6 (full 0):
 PSYoungGen      total 203264K, used 10728K [0x0000000781e00000, 0x000000078f500000, 0x00000007c0000000)
  eden space 192512K, 0% used [0x0000000781e00000,0x0000000781e00000,0x000000078da00000)
  from space 10752K, 99% used [0x000000078e680000,0x000000078f0fa148,0x000000078f100000)
  to   space 12800K, 0% used [0x000000078da00000,0x000000078da00000,0x000000078e680000)
 ParOldGen       total 128512K, used 2645K [0x0000000705a00000, 0x000000070d780000, 0x0000000781e00000)
  object space 128512K, 2% used [0x0000000705a00000,0x0000000705c95510,0x000000070d780000)
 Metaspace       used 20766K, capacity 21176K, committed 21248K, reserved 1067008K
  class space    used 2622K, capacity 2761K, committed 2816K, reserved 1048576K
}
Event: 3,025 GC heap before
{Heap before GC invocations=7 (full 1):
 PSYoungGen      total 203264K, used 10728K [0x0000000781e00000, 0x000000078f500000, 0x00000007c0000000)
  eden space 192512K, 0% used [0x0000000781e00000,0x0000000781e00000,0x000000078da00000)
  from space 10752K, 99% used [0x000000078e680000,0x000000078f0fa148,0x000000078f100000)
  to   space 12800K, 0% used [0x000000078da00000,0x000000078da00000,0x000000078e680000)
 ParOldGen       total 128512K, used 2645K [0x0000000705a00000, 0x000000070d780000, 0x0000000781e00000)
  object space 128512K, 2% used [0x0000000705a00000,0x0000000705c95510,0x000000070d780000)
 Metaspace       used 20766K, capacity 21176K, committed 21248K, reserved 1067008K
  class space    used 2622K, capacity 2761K, committed 2816K, reserved 1048576K
Event: 3,082 GC heap after
Heap after GC invocations=7 (full 1):
 PSYoungGen      total 203264K, used 0K [0x0000000781e00000, 0x000000078f500000, 0x00000007c0000000)
  eden space 192512K, 0% used [0x0000000781e00000,0x0000000781e00000,0x000000078da00000)
  from space 10752K, 0% used [0x000000078e680000,0x000000078e680000,0x000000078f100000)
  to   space 12800K, 0% used [0x000000078da00000,0x000000078da00000,0x000000078e680000)
 ParOldGen       total 82432K, used 11264K [0x0000000705a00000, 0x000000070aa80000, 0x0000000781e00000)
  object space 82432K, 13% used [0x0000000705a00000,0x00000007065001d8,0x000000070aa80000)
 Metaspace       used 20766K, capacity 21176K, committed 21248K, reserved 1067008K
  class space    used 2622K, capacity 2761K, committed 2816K, reserved 1048576K
}
Event: 4,036 GC heap before
{Heap before GC invocations=8 (full 1):
 PSYoungGen      total 203264K, used 192512K [0x0000000781e00000, 0x000000078f500000, 0x00000007c0000000)
  eden space 192512K, 100% used [0x0000000781e00000,0x000000078da00000,0x000000078da00000)
  from space 10752K, 0% used [0x000000078e680000,0x000000078e680000,0x000000078f100000)
  to   space 12800K, 0% used [0x000000078da00000,0x000000078da00000,0x000000078e680000)
 ParOldGen       total 82432K, used 11264K [0x0000000705a00000, 0x000000070aa80000, 0x0000000781e00000)
  object space 82432K, 13% used [0x0000000705a00000,0x00000007065001d8,0x000000070aa80000)
 Metaspace       used 27783K, capacity 28210K, committed 28544K, reserved 1075200K
  class space    used 3516K, capacity 3640K, committed 3712K, reserved 1048576K
Event: 4,046 GC heap after
Heap after GC invocations=8 (full 1):
 PSYoungGen      total 205312K, used 12792K [0x0000000781e00000, 0x0000000795a80000, 0x00000007c0000000)
  eden space 192512K, 0% used [0x0000000781e00000,0x0000000781e00000,0x000000078da00000)
  from space 12800K, 99% used [0x000000078da00000,0x000000078e67e2c0,0x000000078e680000)
  to   space 14848K, 0% used [0x0000000794c00000,0x0000000794c00000,0x0000000795a80000)
 ParOldGen       total 82432K, used 11963K [0x0000000705a00000, 0x000000070aa80000, 0x0000000781e00000)
  object space 82432K, 14% used [0x0000000705a00000,0x00000007065aed50,0x000000070aa80000)
 Metaspace       used 27783K, capacity 28210K, committed 28544K, reserved 1075200K
  class space    used 3516K, capacity 3640K, committed 3712K, reserved 1048576K
}
Event: 4,904 GC heap before
{Heap before GC invocations=9 (full 1):
 PSYoungGen      total 205312K, used 153436K [0x0000000781e00000, 0x0000000795a80000, 0x00000007c0000000)
  eden space 192512K, 73% used [0x0000000781e00000,0x000000078a758f60,0x000000078da00000)
  from space 12800K, 99% used [0x000000078da00000,0x000000078e67e2c0,0x000000078e680000)
  to   space 14848K, 0% used [0x0000000794c00000,0x0000000794c00000,0x0000000795a80000)
 ParOldGen       total 82432K, used 11963K [0x0000000705a00000, 0x000000070aa80000, 0x0000000781e00000)
  object space 82432K, 14% used [0x0000000705a00000,0x00000007065aed50,0x000000070aa80000)
 Metaspace       used 34881K, capacity 35262K, committed 35416K, reserved 1079296K
  class space    used 4506K, capacity 4642K, committed 4696K, reserved 1048576K

