# JRE version: Java(TM) SE Runtime Environment (8.0_121-b13) (build 1.8.0_121-b13)
# Java VM: Java HotSpot(TM) 64-Bit Server VM (25.121-b13 mixed mode linux-amd64 compressed oops)
Heap:
 PSYoungGen      total 203776K, used 192512K [0x0000000781e00000, 0x000000078f600000, 0x00000007c0000000)
  eden space 192512K, 100% used [0x0000000781e00000,0x000000078da00000,0x000000078da00000)
  from space 11264K, 0% used [0x000000078e700000,0x000000078e700000,0x000000078f200000)
  to   space 13312K, 62% used [0x000000078da00000,0x000000078e218988,0x000000078e700000)
 ParOldGen       total 79872K, used 11841K [0x0000000705a00000, 0x000000070a800000, 0x0000000781e00000)
  object space 79872K, 14% used [0x0000000705a00000,0x0000000706590410,0x000000070a800000)
 Metaspace       used 27839K, capacity 28290K, committed 28544K, reserved 1075200K
  class space    used 3558K, capacity 3706K, committed 3712K, reserved 1048576K
GC Heap History (10 events):
Event: 1,196 GC heap after
Heap after GC invocations=3 (full 0):
 PSYoungGen      total 56320K, used 7670K [0x0000000781e00000, 0x0000000788c00000, 0x00000007c0000000)
  eden space 48640K, 0% used [0x0000000781e00000,0x0000000781e00000,0x0000000784d80000)
  from space 7680K, 99% used [0x0000000784d80000,0x00000007854fdbf8,0x0000000785500000)
  to   space 7680K, 0% used [0x0000000788480000,0x0000000788480000,0x0000000788c00000)
 ParOldGen       total 128512K, used 619K [0x0000000705a00000, 0x000000070d780000, 0x0000000781e00000)
  object space 128512K, 0% used [0x0000000705a00000,0x0000000705a9ae50,0x000000070d780000)
 Metaspace       used 17296K, capacity 17572K, committed 17792K, reserved 1064960K
  class space    used 2103K, capacity 2176K, committed 2176K, reserved 1048576K
}
Event: 1,566 GC heap before
{Heap before GC invocations=4 (full 0):
 PSYoungGen      total 56320K, used 56310K [0x0000000781e00000, 0x0000000788c00000, 0x00000007c0000000)
  eden space 48640K, 100% used [0x0000000781e00000,0x0000000784d80000,0x0000000784d80000)
  from space 7680K, 99% used [0x0000000784d80000,0x00000007854fdbf8,0x0000000785500000)
  to   space 7680K, 0% used [0x0000000788480000,0x0000000788480000,0x0000000788c00000)
 ParOldGen       total 128512K, used 619K [0x0000000705a00000, 0x000000070d780000, 0x0000000781e00000)
  object space 128512K, 0% used [0x0000000705a00000,0x0000000705a9ae50,0x000000070d780000)
 Metaspace       used 18423K, capacity 18762K, committed 19072K, reserved 1067008K
  class space    used 2263K, capacity 2355K, committed 2432K, reserved 1048576K
Event: 1,578 GC heap after
Heap after GC invocations=4 (full 0):
 PSYoungGen      total 104960K, used 7657K [0x0000000781e00000, 0x0000000788c00000, 0x00000007c0000000)
  eden space 97280K, 0% used [0x0000000781e00000,0x0000000781e00000,0x0000000787d00000)
  from space 7680K, 99% used [0x0000000788480000,0x0000000788bfa600,0x0000000788c00000)
  to   space 7680K, 0% used [0x0000000787d00000,0x0000000787d00000,0x0000000788480000)
 ParOldGen       total 128512K, used 929K [0x0000000705a00000, 0x000000070d780000, 0x0000000781e00000)
  object space 128512K, 0% used [0x0000000705a00000,0x0000000705ae8528,0x000000070d780000)
 Metaspace       used 18423K, capacity 18762K, committed 19072K, reserved 1067008K
  class space    used 2263K, capacity 2355K, committed 2432K, reserved 1048576K
}
Event: 1,844 GC heap before
{Heap before GC invocations=5 (full 0):
 PSYoungGen      total 104960K, used 104937K [0x0000000781e00000, 0x0000000788c00000, 0x00000007c0000000)
  eden space 97280K, 100% used [0x0000000781e00000,0x0000000787d00000,0x0000000787d00000)
  from space 7680K, 99% used [0x0000000788480000,0x0000000788bfa600,0x0000000788c00000)
  to   space 7680K, 0% used [0x0000000787d00000,0x0000000787d00000,0x0000000788480000)
 ParOldGen       total 128512K, used 929K [0x0000000705a00000, 0x000000070d780000, 0x0000000781e00000)
  object space 128512K, 0% used [0x0000000705a00000,0x0000000705ae8528,0x000000070d780000)
 Metaspace       used 18955K, capacity 19366K, committed 19712K, reserved 1067008K
  class space    used 2347K, capacity 2464K, committed 2560K, reserved 1048576K
Event: 1,852 GC heap after
Heap after GC invocations=5 (full 0):
 PSYoungGen      total 104960K, used 7651K [0x0000000781e00000, 0x000000078f200000, 0x00000007c0000000)
  eden space 97280K, 0% used [0x0000000781e00000,0x0000000781e00000,0x0000000787d00000)
  from space 7680K, 99% used [0x0000000787d00000,0x0000000788478c78,0x0000000788480000)
  to   space 11264K, 0% used [0x000000078e700000,0x000000078e700000,0x000000078f200000)
 ParOldGen       total 128512K, used 2422K [0x0000000705a00000, 0x000000070d780000, 0x0000000781e00000)
  object space 128512K, 1% used [0x0000000705a00000,0x0000000705c5da88,0x000000070d780000)
 Metaspace       used 18955K, capacity 19366K, committed 19712K, reserved 1067008K
  class space    used 2347K, capacity 2464K, committed 2560K, reserved 1048576K
}
Event: 2,126 GC heap before
{Heap before GC invocations=6 (full 0):
 PSYoungGen      total 104960K, used 103715K [0x0000000781e00000, 0x000000078f200000, 0x00000007c0000000)
  eden space 97280K, 98% used [0x0000000781e00000,0x0000000787bd0098,0x0000000787d00000)
  from space 7680K, 99% used [0x0000000787d00000,0x0000000788478c78,0x0000000788480000)
  to   space 11264K, 0% used [0x000000078e700000,0x000000078e700000,0x000000078f200000)
 ParOldGen       total 128512K, used 2422K [0x0000000705a00000, 0x000000070d780000, 0x0000000781e00000)
  object space 128512K, 1% used [0x0000000705a00000,0x0000000705c5da88,0x000000070d780000)
 Metaspace       used 20823K, capacity 21212K, committed 21248K, reserved 1067008K
  class space    used 2666K, capacity 2793K, committed 2816K, reserved 1048576K
Event: 2,136 GC heap after
Heap after GC invocations=6 (full 0):
 PSYoungGen      total 203776K, used 11245K [0x0000000781e00000, 0x000000078f600000, 0x00000007c0000000)
  eden space 192512K, 0% used [0x0000000781e00000,0x0000000781e00000,0x000000078da00000)
  from space 11264K, 99% used [0x000000078e700000,0x000000078f1fb730,0x000000078f200000)
  to   space 13312K, 0% used [0x000000078da00000,0x000000078da00000,0x000000078e700000)
 ParOldGen       total 128512K, used 2966K [0x0000000705a00000, 0x000000070d780000, 0x0000000781e00000)
  object space 128512K, 2% used [0x0000000705a00000,0x0000000705ce58f8,0x000000070d780000)
 Metaspace       used 20823K, capacity 21212K, committed 21248K, reserved 1067008K
  class space    used 2666K, capacity 2793K, committed 2816K, reserved 1048576K
}
Event: 2,136 GC heap before
{Heap before GC invocations=7 (full 1):
 PSYoungGen      total 203776K, used 11245K [0x0000000781e00000, 0x000000078f600000, 0x00000007c0000000)
  eden space 192512K, 0% used [0x0000000781e00000,0x0000000781e00000,0x000000078da00000)
  from space 11264K, 99% used [0x000000078e700000,0x000000078f1fb730,0x000000078f200000)
  to   space 13312K, 0% used [0x000000078da00000,0x000000078da00000,0x000000078e700000)
 ParOldGen       total 128512K, used 2966K [0x0000000705a00000, 0x000000070d780000, 0x0000000781e00000)
  object space 128512K, 2% used [0x0000000705a00000,0x0000000705ce58f8,0x000000070d780000)
 Metaspace       used 20823K, capacity 21212K, committed 21248K, reserved 1067008K
  class space    used 2666K, capacity 2793K, committed 2816K, reserved 1048576K
Event: 2,182 GC heap after
Heap after GC invocations=7 (full 1):
 PSYoungGen      total 203776K, used 0K [0x0000000781e00000, 0x000000078f600000, 0x00000007c0000000)
  eden space 192512K, 0% used [0x0000000781e00000,0x0000000781e00000,0x000000078da00000)
  from space 11264K, 0% used [0x000000078e700000,0x000000078e700000,0x000000078f200000)
  to   space 13312K, 0% used [0x000000078da00000,0x000000078da00000,0x000000078e700000)
 ParOldGen       total 79872K, used 11833K [0x0000000705a00000, 0x000000070a800000, 0x0000000781e00000)
  object space 79872K, 14% used [0x0000000705a00000,0x000000070658e410,0x000000070a800000)
 Metaspace       used 20823K, capacity 21212K, committed 21248K, reserved 1067008K
  class space    used 2666K, capacity 2793K, committed 2816K, reserved 1048576K
}
Event: 2,954 GC heap before
{Heap before GC invocations=8 (full 1):
 PSYoungGen      total 203776K, used 192512K [0x0000000781e00000, 0x000000078f600000, 0x00000007c0000000)
  eden space 192512K, 100% used [0x0000000781e00000,0x000000078da00000,0x000000078da00000)
  from space 11264K, 0% used [0x000000078e700000,0x000000078e700000,0x000000078f200000)
  to   space 13312K, 0% used [0x000000078da00000,0x000000078da00000,0x000000078e700000)
 ParOldGen       total 79872K, used 11833K [0x0000000705a00000, 0x000000070a800000, 0x0000000781e00000)
  object space 79872K, 14% used [0x0000000705a00000,0x000000070658e410,0x000000070a800000)
 Metaspace       used 27839K, capacity 28290K, committed 28544K, reserved 1075200K
  class space    used 3558K, capacity 3706K, committed 3712K, reserved 1048576K

